<?xml version="1.0" encoding="UTF-8"?>
<!-- Generated by org.testng.reporters.JUnitReportReporter -->
<testsuite hostname="DESKTOP-TNQAJ1I" failures="0" tests="2" name="Test.Child" time="0.016" errors="0" timestamp="2025-02-08T20:38:15 IST" skipped="0">
  <testcase classname="Test.Child" name="dothis" time="0.010"/>
  <system-out/>
  <testcase classname="Test.Child" name="testrun" time="0.006"/>
  <system-out/>
</testsuite> <!-- Test.Child -->
