<?xml version="1.0" encoding="UTF-8"?>
<!-- Generated by org.testng.reporters.JUnitReportReporter -->
<testsuite hostname="DESKTOP-TNQAJ1I" failures="0" tests="3" name="Test.Day3" time="0.065" errors="0" timestamp="2025-02-08T07:18:47 IST" skipped="0">
  <testcase classname="Test.Day3" name="restApisignin" time="0.006"/>
  <system-out/>
  <testcase classname="Test.Day3" name="demosignin" time="0.052"/>
  <system-out/>
  <testcase classname="Test.Day3" name="mobilesignin" time="0.007"/>
  <system-out/>
</testsuite> <!-- Test.Day3 -->
