<?xml version="1.0" encoding="UTF-8"?>
<!-- Generated by org.testng.reporters.JUnitReportReporter -->
<testsuite hostname="DESKTOP-TNQAJ1I" failures="0" tests="1" name="Test.Parent" time="0.013" errors="0" timestamp="2025-02-08T20:39:12 IST" skipped="0">
  <testcase classname="Test.Parent" name="testrun" time="0.013"/>
  <system-out/>
</testsuite> <!-- Test.Parent -->
