<?xml version="1.0" encoding="UTF-8"?>
<!-- Generated by org.testng.reporters.JUnitReportReporter -->
<testsuite hostname="DESKTOP-TNQAJ1I" failures="0" tests="3" name="Test.Parent" time="0.026" errors="0" timestamp="2025-02-24T20:47:30 IST" skipped="0">
  <testcase classname="Test.Parent" name="testrun3" time="0.002"/>
  <system-out/>
  <testcase classname="Test.Parent" name="testrun" time="0.013"/>
  <system-out/>
  <testcase classname="Test.Parent" name="testrun2" time="0.011"/>
  <system-out/>
</testsuite> <!-- Test.Parent -->
