<?xml version="1.0" encoding="UTF-8"?>
<!-- Generated by org.testng.reporters.JUnitReportReporter -->
<testsuite hostname="DESKTOP-TNQAJ1I" failures="0" tests="5" name="Test.Day2" time="0.066" errors="0" timestamp="2025-02-08T07:18:47 IST" skipped="1">
  <testcase classname="Test.Day2" name="mobilesignin" time="0.015"/>
  <system-out/>
  <testcase classname="Test.Day2" name="restApisignin" time="0.003"/>
  <system-out/>
  <testcase classname="Test.Day2" name="mobilesignin" time="0.003"/>
  <system-out/>
  <testcase classname="Test.Day2" name="mobilesignin" time="0.045"/>
  <system-out/>
  <testcase classname="Test.Day2" name="demosignin">
    <skipped/>
  </testcase> <!-- demosignin -->
  <system-out/>
</testsuite> <!-- Test.Day2 -->
