<?xml version="1.0" encoding="UTF-8"?>
<!-- Generated by org.testng.reporters.JUnitReportReporter -->
<testsuite hostname="DESKTOP-TNQAJ1I" failures="0" tests="2" name="Test.Day1" time="0.039" errors="0" timestamp="2025-02-08T07:18:47 IST" skipped="0">
  <testcase classname="Test.Day1" name="Apilogin" time="0.030"/>
  <system-out/>
  <testcase classname="Test.Day1" name="mobile2login" time="0.009"/>
  <system-out/>
</testsuite> <!-- Test.Day1 -->
